0 info it worked if it ends with ok
1 verbose cli [ '/Users/cameronleslie/.nvm/versions/node/v5.5.0/bin/node',
1 verbose cli   '/Users/cameronleslie/.nvm/versions/node/v5.5.0/bin/npm',
1 verbose cli   'publish' ]
2 info using npm@3.3.12
3 info using node@v5.5.0
4 verbose publish [ '.' ]
5 silly cache add args [ '.', null ]
6 verbose cache add spec .
7 silly cache add parsed spec Result {
7 silly cache add   raw: '.',
7 silly cache add   scope: null,
7 silly cache add   name: null,
7 silly cache add   rawSpec: '.',
7 silly cache add   spec: '/Users/cameronleslie/Code/Projects/mark-and-recapture',
7 silly cache add   type: 'directory' }
8 verbose addLocalDirectory /Users/cameronleslie/.npm/mark-and-recapture/1.0.0/package.tgz not in flight; packing
9 info lifecycle mark-and-recapture@1.0.0~prepublish: mark-and-recapture@1.0.0
10 verbose lifecycle mark-and-recapture@1.0.0~prepublish: unsafe-perm in lifecycle true
11 verbose lifecycle mark-and-recapture@1.0.0~prepublish: PATH: /Users/cameronleslie/.nvm/versions/node/v5.5.0/lib/node_modules/npm/bin/node-gyp-bin:/Users/cameronleslie/Code/Projects/mark-and-recapture/node_modules/.bin:/Users/cameronleslie/.nvm/versions/node/v5.5.0/bin:/Users/cameronleslie/.rvm/gems/ruby-2.3.3/bin:/Users/cameronleslie/.rvm/gems/ruby-2.3.3@global/bin:/Users/cameronleslie/.rvm/rubies/ruby-2.3.3/bin:/Users/cameronleslie/.rvm/bin:/usr/local/sbin:/usr/local/share/python:/usr/local/bin:/usr/bin:/bin:/usr/sbin:/sbin:/opt/X11/bin
12 verbose lifecycle mark-and-recapture@1.0.0~prepublish: CWD: /Users/cameronleslie/Code/Projects/mark-and-recapture
13 silly lifecycle mark-and-recapture@1.0.0~prepublish: Args: [ '-c', 'npm run build' ]
14 silly lifecycle mark-and-recapture@1.0.0~prepublish: Returned: code: 0  signal: null
15 verbose tar pack [ '/Users/cameronleslie/.npm/mark-and-recapture/1.0.0/package.tgz',
15 verbose tar pack   '/Users/cameronleslie/Code/Projects/mark-and-recapture' ]
16 verbose tarball /Users/cameronleslie/.npm/mark-and-recapture/1.0.0/package.tgz
17 verbose folder /Users/cameronleslie/Code/Projects/mark-and-recapture
18 verbose addLocalTarball adding from inside cache /Users/cameronleslie/.npm/mark-and-recapture/1.0.0/package.tgz
19 silly cache afterAdd mark-and-recapture@1.0.0
20 verbose afterAdd /Users/cameronleslie/.npm/mark-and-recapture/1.0.0/package/package.json not in flight; writing
21 verbose afterAdd /Users/cameronleslie/.npm/mark-and-recapture/1.0.0/package/package.json written
22 silly publish { name: 'mark-and-recapture',
22 silly publish   version: '1.0.0',
22 silly publish   description: 'A set of mark and recapture estimator functions based on Lincoln-Peterson/Chapman/Bayesian methods.',
22 silly publish   main: 'lib/index.js',
22 silly publish   repository:
22 silly publish    { type: 'git',
22 silly publish      url: 'git+https://github.com/cbleslie/Mark-and-Recapture.git' },
22 silly publish   scripts:
22 silly publish    { test: 'node test.js',
22 silly publish      build: 'babel src --presets babel-preset-es2015 --out-dir lib',
22 silly publish      prepublish: 'npm run build' },
22 silly publish   keywords:
22 silly publish    [ 'Mark',
22 silly publish      'Recapture',
22 silly publish      'Lincoln',
22 silly publish      'Peterson',
22 silly publish      'Chapman',
22 silly publish      'Bayesian' ],
22 silly publish   author: { name: 'Cameron Leslie', email: 'cameronleslie@gmail.com' },
22 silly publish   license: 'MIT',
22 silly publish   devDependencies:
22 silly publish    { 'babel-cli': '^6.7.7',
22 silly publish      'babel-preset-es2015': '^6.6.0',
22 silly publish      tape: '^4.5.1' },
22 silly publish   readme: '# Mark and Recapture\n',
22 silly publish   readmeFilename: 'README.md',
22 silly publish   gitHead: 'f2b139d3961f7382bcaa269afe5a78e2532976da',
22 silly publish   bugs: { url: 'https://github.com/cbleslie/Mark-and-Recapture/issues' },
22 silly publish   homepage: 'https://github.com/cbleslie/Mark-and-Recapture#readme',
22 silly publish   _id: 'mark-and-recapture@1.0.0',
22 silly publish   _shasum: '623a5c0e306c0a947a11c79ebf9f24bc70d1da71',
22 silly publish   _from: '.' }
23 verbose getPublishConfig undefined
24 silly mapToRegistry name mark-and-recapture
25 silly mapToRegistry using default registry
26 silly mapToRegistry registry https://registry.npmjs.org/
27 silly mapToRegistry uri https://registry.npmjs.org/mark-and-recapture
28 verbose publish registryBase https://registry.npmjs.org/
29 silly publish uploading /Users/cameronleslie/.npm/mark-and-recapture/1.0.0/package.tgz
30 verbose request uri https://registry.npmjs.org/mark-and-recapture
31 verbose request sending authorization for write operation
32 info attempt registry request try #1 at 8:57:25 PM
33 verbose request using bearer token for auth
34 verbose request id 60ae616c264a55d9
35 http request PUT https://registry.npmjs.org/mark-and-recapture
36 http 403 https://registry.npmjs.org/mark-and-recapture
37 verbose headers { 'content-type': 'application/json',
37 verbose headers   'cache-control': 'max-age=300',
37 verbose headers   'content-length': '95',
37 verbose headers   'accept-ranges': 'bytes',
37 verbose headers   date: 'Sun, 21 May 2017 03:57:28 GMT',
37 verbose headers   via: '1.1 varnish',
37 verbose headers   connection: 'keep-alive',
37 verbose headers   'x-served-by': 'cache-ord1722-ORD',
37 verbose headers   'x-cache': 'MISS',
37 verbose headers   'x-cache-hits': '0',
37 verbose headers   'x-timer': 'S1495339047.998267,VS0,VE1083',
37 verbose headers   vary: 'Accept-Encoding' }
38 verbose request invalidating /Users/cameronleslie/.npm/registry.npmjs.org/mark-and-recapture on PUT
39 error publish Failed PUT 403
40 verbose stack Error: "You cannot publish over the previously published version 1.0.0." : mark-and-recapture
40 verbose stack     at makeError (/Users/cameronleslie/.nvm/versions/node/v5.5.0/lib/node_modules/npm/node_modules/npm-registry-client/lib/request.js:264:12)
40 verbose stack     at CachingRegistryClient.<anonymous> (/Users/cameronleslie/.nvm/versions/node/v5.5.0/lib/node_modules/npm/node_modules/npm-registry-client/lib/request.js:252:14)
40 verbose stack     at Request._callback (/Users/cameronleslie/.nvm/versions/node/v5.5.0/lib/node_modules/npm/node_modules/npm-registry-client/lib/request.js:172:14)
40 verbose stack     at Request.self.callback (/Users/cameronleslie/.nvm/versions/node/v5.5.0/lib/node_modules/npm/node_modules/request/request.js:198:22)
40 verbose stack     at emitTwo (events.js:100:13)
40 verbose stack     at Request.emit (events.js:185:7)
40 verbose stack     at Request.<anonymous> (/Users/cameronleslie/.nvm/versions/node/v5.5.0/lib/node_modules/npm/node_modules/request/request.js:1082:10)
40 verbose stack     at emitOne (events.js:95:20)
40 verbose stack     at Request.emit (events.js:182:7)
40 verbose stack     at IncomingMessage.<anonymous> (/Users/cameronleslie/.nvm/versions/node/v5.5.0/lib/node_modules/npm/node_modules/request/request.js:1009:12)
41 verbose statusCode 403
42 verbose pkgid mark-and-recapture
43 verbose cwd /Users/cameronleslie/Code/Projects/mark-and-recapture
44 error Darwin 16.5.0
45 error argv "/Users/cameronleslie/.nvm/versions/node/v5.5.0/bin/node" "/Users/cameronleslie/.nvm/versions/node/v5.5.0/bin/npm" "publish"
46 error node v5.5.0
47 error npm  v3.3.12
48 error code E403
49 error "You cannot publish over the previously published version 1.0.0." : mark-and-recapture
50 error If you need help, you may report this error at:
50 error     <https://github.com/npm/npm/issues>
51 verbose exit [ 1, true ]
